Start testing: Nov 30 01:09 RTZ 2 (����)
----------------------------------------------------------
1/15 Testing: ArgParserTestSuite.EmptyTest
1/15 Test: ArgParserTestSuite.EmptyTest
Command: "C:/itmo/CLionProjects/labwork4-zxcbank — копия/cmake-build-debug/tests/argparser_tests.exe" "--gtest_filter=ArgParserTestSuite.EmptyTest" "--gtest_also_run_disabled_tests"
Directory: C:/itmo/CLionProjects/labwork4-zxcbank — копия/cmake-build-debug/tests
"ArgParserTestSuite.EmptyTest" start time: Nov 30 01:09 RTZ 2 (����)
Output:
----------------------------------------------------------
Running main() from C:/itmo/CLionProjects/labwork4-zxcbank — копия/cmake-build-debug/_deps/googletest-src/googletest/src/gtest_main.cc
Note: Google Test filter = ArgParserTestSuite.EmptyTest
[==========] Running 1 test from 1 test suite.
[----------] Global test environment set-up.
[----------] 1 test from ArgParserTestSuite
[ RUN      ] ArgParserTestSuite.EmptyTest
[       OK ] ArgParserTestSuite.EmptyTest (0 ms)
[----------] 1 test from ArgParserTestSuite (0 ms total)

[----------] Global test environment tear-down
[==========] 1 test from 1 test suite ran. (0 ms total)
[  PASSED  ] 1 test.
<end of output>
Test time =   0.00 sec
----------------------------------------------------------
Test Passed.
"ArgParserTestSuite.EmptyTest" end time: Nov 30 01:09 RTZ 2 (����)
"ArgParserTestSuite.EmptyTest" time elapsed: 00:00:00
----------------------------------------------------------

2/15 Testing: ArgParserTestSuite.StringTest
2/15 Test: ArgParserTestSuite.StringTest
Command: "C:/itmo/CLionProjects/labwork4-zxcbank — копия/cmake-build-debug/tests/argparser_tests.exe" "--gtest_filter=ArgParserTestSuite.StringTest" "--gtest_also_run_disabled_tests"
Directory: C:/itmo/CLionProjects/labwork4-zxcbank — копия/cmake-build-debug/tests
"ArgParserTestSuite.StringTest" start time: Nov 30 01:09 RTZ 2 (����)
Output:
----------------------------------------------------------
Running main() from C:/itmo/CLionProjects/labwork4-zxcbank — копия/cmake-build-debug/_deps/googletest-src/googletest/src/gtest_main.cc
Note: Google Test filter = ArgParserTestSuite.StringTest
[==========] Running 1 test from 1 test suite.
[----------] Global test environment set-up.
[----------] 1 test from ArgParserTestSuite
[ RUN      ] ArgParserTestSuite.StringTest
[       OK ] ArgParserTestSuite.StringTest (0 ms)
[----------] 1 test from ArgParserTestSuite (0 ms total)

[----------] Global test environment tear-down
[==========] 1 test from 1 test suite ran. (0 ms total)
[  PASSED  ] 1 test.
<end of output>
Test time =   0.00 sec
----------------------------------------------------------
Test Passed.
"ArgParserTestSuite.StringTest" end time: Nov 30 01:09 RTZ 2 (����)
"ArgParserTestSuite.StringTest" time elapsed: 00:00:00
----------------------------------------------------------

3/15 Testing: ArgParserTestSuite.ShortNameTest
3/15 Test: ArgParserTestSuite.ShortNameTest
Command: "C:/itmo/CLionProjects/labwork4-zxcbank — копия/cmake-build-debug/tests/argparser_tests.exe" "--gtest_filter=ArgParserTestSuite.ShortNameTest" "--gtest_also_run_disabled_tests"
Directory: C:/itmo/CLionProjects/labwork4-zxcbank — копия/cmake-build-debug/tests
"ArgParserTestSuite.ShortNameTest" start time: Nov 30 01:09 RTZ 2 (����)
Output:
----------------------------------------------------------
Running main() from C:/itmo/CLionProjects/labwork4-zxcbank — копия/cmake-build-debug/_deps/googletest-src/googletest/src/gtest_main.cc
Note: Google Test filter = ArgParserTestSuite.ShortNameTest
[==========] Running 1 test from 1 test suite.
[----------] Global test environment set-up.
[----------] 1 test from ArgParserTestSuite
[ RUN      ] ArgParserTestSuite.ShortNameTest
[       OK ] ArgParserTestSuite.ShortNameTest (0 ms)
[----------] 1 test from ArgParserTestSuite (0 ms total)

[----------] Global test environment tear-down
[==========] 1 test from 1 test suite ran. (0 ms total)
[  PASSED  ] 1 test.
<end of output>
Test time =   0.00 sec
----------------------------------------------------------
Test Passed.
"ArgParserTestSuite.ShortNameTest" end time: Nov 30 01:09 RTZ 2 (����)
"ArgParserTestSuite.ShortNameTest" time elapsed: 00:00:00
----------------------------------------------------------

4/15 Testing: ArgParserTestSuite.DefaultTest
4/15 Test: ArgParserTestSuite.DefaultTest
Command: "C:/itmo/CLionProjects/labwork4-zxcbank — копия/cmake-build-debug/tests/argparser_tests.exe" "--gtest_filter=ArgParserTestSuite.DefaultTest" "--gtest_also_run_disabled_tests"
Directory: C:/itmo/CLionProjects/labwork4-zxcbank — копия/cmake-build-debug/tests
"ArgParserTestSuite.DefaultTest" start time: Nov 30 01:09 RTZ 2 (����)
Output:
----------------------------------------------------------
Running main() from C:/itmo/CLionProjects/labwork4-zxcbank — копия/cmake-build-debug/_deps/googletest-src/googletest/src/gtest_main.cc
Note: Google Test filter = ArgParserTestSuite.DefaultTest
[==========] Running 1 test from 1 test suite.
[----------] Global test environment set-up.
[----------] 1 test from ArgParserTestSuite
[ RUN      ] ArgParserTestSuite.DefaultTest
[       OK ] ArgParserTestSuite.DefaultTest (0 ms)
[----------] 1 test from ArgParserTestSuite (0 ms total)

[----------] Global test environment tear-down
[==========] 1 test from 1 test suite ran. (0 ms total)
[  PASSED  ] 1 test.
<end of output>
Test time =   0.00 sec
----------------------------------------------------------
Test Passed.
"ArgParserTestSuite.DefaultTest" end time: Nov 30 01:09 RTZ 2 (����)
"ArgParserTestSuite.DefaultTest" time elapsed: 00:00:00
----------------------------------------------------------

5/15 Testing: ArgParserTestSuite.NoDefaultTest
5/15 Test: ArgParserTestSuite.NoDefaultTest
Command: "C:/itmo/CLionProjects/labwork4-zxcbank — копия/cmake-build-debug/tests/argparser_tests.exe" "--gtest_filter=ArgParserTestSuite.NoDefaultTest" "--gtest_also_run_disabled_tests"
Directory: C:/itmo/CLionProjects/labwork4-zxcbank — копия/cmake-build-debug/tests
"ArgParserTestSuite.NoDefaultTest" start time: Nov 30 01:09 RTZ 2 (����)
Output:
----------------------------------------------------------
Running main() from C:/itmo/CLionProjects/labwork4-zxcbank — копия/cmake-build-debug/_deps/googletest-src/googletest/src/gtest_main.cc
Note: Google Test filter = ArgParserTestSuite.NoDefaultTest
[==========] Running 1 test from 1 test suite.
[----------] Global test environment set-up.
[----------] 1 test from ArgParserTestSuite
[ RUN      ] ArgParserTestSuite.NoDefaultTest
[       OK ] ArgParserTestSuite.NoDefaultTest (0 ms)
[----------] 1 test from ArgParserTestSuite (0 ms total)

[----------] Global test environment tear-down
[==========] 1 test from 1 test suite ran. (0 ms total)
[  PASSED  ] 1 test.
<end of output>
Test time =   0.00 sec
----------------------------------------------------------
Test Passed.
"ArgParserTestSuite.NoDefaultTest" end time: Nov 30 01:09 RTZ 2 (����)
"ArgParserTestSuite.NoDefaultTest" time elapsed: 00:00:00
----------------------------------------------------------

6/15 Testing: ArgParserTestSuite.StoreValueTest
6/15 Test: ArgParserTestSuite.StoreValueTest
Command: "C:/itmo/CLionProjects/labwork4-zxcbank — копия/cmake-build-debug/tests/argparser_tests.exe" "--gtest_filter=ArgParserTestSuite.StoreValueTest" "--gtest_also_run_disabled_tests"
Directory: C:/itmo/CLionProjects/labwork4-zxcbank — копия/cmake-build-debug/tests
"ArgParserTestSuite.StoreValueTest" start time: Nov 30 01:09 RTZ 2 (����)
Output:
----------------------------------------------------------
Running main() from C:/itmo/CLionProjects/labwork4-zxcbank — копия/cmake-build-debug/_deps/googletest-src/googletest/src/gtest_main.cc
Note: Google Test filter = ArgParserTestSuite.StoreValueTest
[==========] Running 1 test from 1 test suite.
[----------] Global test environment set-up.
[----------] 1 test from ArgParserTestSuite
[ RUN      ] ArgParserTestSuite.StoreValueTest
[       OK ] ArgParserTestSuite.StoreValueTest (0 ms)
[----------] 1 test from ArgParserTestSuite (0 ms total)

[----------] Global test environment tear-down
[==========] 1 test from 1 test suite ran. (0 ms total)
[  PASSED  ] 1 test.
<end of output>
Test time =   0.01 sec
----------------------------------------------------------
Test Passed.
"ArgParserTestSuite.StoreValueTest" end time: Nov 30 01:09 RTZ 2 (����)
"ArgParserTestSuite.StoreValueTest" time elapsed: 00:00:00
----------------------------------------------------------

7/15 Testing: ArgParserTestSuite.MultiStringTest
7/15 Test: ArgParserTestSuite.MultiStringTest
Command: "C:/itmo/CLionProjects/labwork4-zxcbank — копия/cmake-build-debug/tests/argparser_tests.exe" "--gtest_filter=ArgParserTestSuite.MultiStringTest" "--gtest_also_run_disabled_tests"
Directory: C:/itmo/CLionProjects/labwork4-zxcbank — копия/cmake-build-debug/tests
"ArgParserTestSuite.MultiStringTest" start time: Nov 30 01:09 RTZ 2 (����)
Output:
----------------------------------------------------------
Running main() from C:/itmo/CLionProjects/labwork4-zxcbank — копия/cmake-build-debug/_deps/googletest-src/googletest/src/gtest_main.cc
Note: Google Test filter = ArgParserTestSuite.MultiStringTest
[==========] Running 1 test from 1 test suite.
[----------] Global test environment set-up.
[----------] 1 test from ArgParserTestSuite
[ RUN      ] ArgParserTestSuite.MultiStringTest
[       OK ] ArgParserTestSuite.MultiStringTest (0 ms)
[----------] 1 test from ArgParserTestSuite (0 ms total)

[----------] Global test environment tear-down
[==========] 1 test from 1 test suite ran. (0 ms total)
[  PASSED  ] 1 test.
<end of output>
Test time =   0.01 sec
----------------------------------------------------------
Test Passed.
"ArgParserTestSuite.MultiStringTest" end time: Nov 30 01:09 RTZ 2 (����)
"ArgParserTestSuite.MultiStringTest" time elapsed: 00:00:00
----------------------------------------------------------

8/15 Testing: ArgParserTestSuite.IntTest
8/15 Test: ArgParserTestSuite.IntTest
Command: "C:/itmo/CLionProjects/labwork4-zxcbank — копия/cmake-build-debug/tests/argparser_tests.exe" "--gtest_filter=ArgParserTestSuite.IntTest" "--gtest_also_run_disabled_tests"
Directory: C:/itmo/CLionProjects/labwork4-zxcbank — копия/cmake-build-debug/tests
"ArgParserTestSuite.IntTest" start time: Nov 30 01:09 RTZ 2 (����)
Output:
----------------------------------------------------------
Running main() from C:/itmo/CLionProjects/labwork4-zxcbank — копия/cmake-build-debug/_deps/googletest-src/googletest/src/gtest_main.cc
Note: Google Test filter = ArgParserTestSuite.IntTest
[==========] Running 1 test from 1 test suite.
[----------] Global test environment set-up.
[----------] 1 test from ArgParserTestSuite
[ RUN      ] ArgParserTestSuite.IntTest
[       OK ] ArgParserTestSuite.IntTest (0 ms)
[----------] 1 test from ArgParserTestSuite (0 ms total)

[----------] Global test environment tear-down
[==========] 1 test from 1 test suite ran. (0 ms total)
[  PASSED  ] 1 test.
<end of output>
Test time =   0.01 sec
----------------------------------------------------------
Test Passed.
"ArgParserTestSuite.IntTest" end time: Nov 30 01:09 RTZ 2 (����)
"ArgParserTestSuite.IntTest" time elapsed: 00:00:00
----------------------------------------------------------

9/15 Testing: ArgParserTestSuite.MultiValueTest
9/15 Test: ArgParserTestSuite.MultiValueTest
Command: "C:/itmo/CLionProjects/labwork4-zxcbank — копия/cmake-build-debug/tests/argparser_tests.exe" "--gtest_filter=ArgParserTestSuite.MultiValueTest" "--gtest_also_run_disabled_tests"
Directory: C:/itmo/CLionProjects/labwork4-zxcbank — копия/cmake-build-debug/tests
"ArgParserTestSuite.MultiValueTest" start time: Nov 30 01:09 RTZ 2 (����)
Output:
----------------------------------------------------------
Running main() from C:/itmo/CLionProjects/labwork4-zxcbank — копия/cmake-build-debug/_deps/googletest-src/googletest/src/gtest_main.cc
Note: Google Test filter = ArgParserTestSuite.MultiValueTest
[==========] Running 1 test from 1 test suite.
[----------] Global test environment set-up.
[----------] 1 test from ArgParserTestSuite
[ RUN      ] ArgParserTestSuite.MultiValueTest
[       OK ] ArgParserTestSuite.MultiValueTest (0 ms)
[----------] 1 test from ArgParserTestSuite (0 ms total)

[----------] Global test environment tear-down
[==========] 1 test from 1 test suite ran. (0 ms total)
[  PASSED  ] 1 test.
<end of output>
Test time =   0.00 sec
----------------------------------------------------------
Test Passed.
"ArgParserTestSuite.MultiValueTest" end time: Nov 30 01:09 RTZ 2 (����)
"ArgParserTestSuite.MultiValueTest" time elapsed: 00:00:00
----------------------------------------------------------

10/15 Testing: ArgParserTestSuite.MinCountMultiValueTest
10/15 Test: ArgParserTestSuite.MinCountMultiValueTest
Command: "C:/itmo/CLionProjects/labwork4-zxcbank — копия/cmake-build-debug/tests/argparser_tests.exe" "--gtest_filter=ArgParserTestSuite.MinCountMultiValueTest" "--gtest_also_run_disabled_tests"
Directory: C:/itmo/CLionProjects/labwork4-zxcbank — копия/cmake-build-debug/tests
"ArgParserTestSuite.MinCountMultiValueTest" start time: Nov 30 01:09 RTZ 2 (����)
Output:
----------------------------------------------------------
Running main() from C:/itmo/CLionProjects/labwork4-zxcbank — копия/cmake-build-debug/_deps/googletest-src/googletest/src/gtest_main.cc
Note: Google Test filter = ArgParserTestSuite.MinCountMultiValueTest
[==========] Running 1 test from 1 test suite.
[----------] Global test environment set-up.
[----------] 1 test from ArgParserTestSuite
[ RUN      ] ArgParserTestSuite.MinCountMultiValueTest
[       OK ] ArgParserTestSuite.MinCountMultiValueTest (0 ms)
[----------] 1 test from ArgParserTestSuite (0 ms total)

[----------] Global test environment tear-down
[==========] 1 test from 1 test suite ran. (0 ms total)
[  PASSED  ] 1 test.
<end of output>
Test time =   0.00 sec
----------------------------------------------------------
Test Passed.
"ArgParserTestSuite.MinCountMultiValueTest" end time: Nov 30 01:09 RTZ 2 (����)
"ArgParserTestSuite.MinCountMultiValueTest" time elapsed: 00:00:00
----------------------------------------------------------

11/15 Testing: ArgParserTestSuite.FlagTest
11/15 Test: ArgParserTestSuite.FlagTest
Command: "C:/itmo/CLionProjects/labwork4-zxcbank — копия/cmake-build-debug/tests/argparser_tests.exe" "--gtest_filter=ArgParserTestSuite.FlagTest" "--gtest_also_run_disabled_tests"
Directory: C:/itmo/CLionProjects/labwork4-zxcbank — копия/cmake-build-debug/tests
"ArgParserTestSuite.FlagTest" start time: Nov 30 01:09 RTZ 2 (����)
Output:
----------------------------------------------------------
Running main() from C:/itmo/CLionProjects/labwork4-zxcbank — копия/cmake-build-debug/_deps/googletest-src/googletest/src/gtest_main.cc
Note: Google Test filter = ArgParserTestSuite.FlagTest
[==========] Running 1 test from 1 test suite.
[----------] Global test environment set-up.
[----------] 1 test from ArgParserTestSuite
[ RUN      ] ArgParserTestSuite.FlagTest
[       OK ] ArgParserTestSuite.FlagTest (0 ms)
[----------] 1 test from ArgParserTestSuite (0 ms total)

[----------] Global test environment tear-down
[==========] 1 test from 1 test suite ran. (0 ms total)
[  PASSED  ] 1 test.
<end of output>
Test time =   0.01 sec
----------------------------------------------------------
Test Passed.
"ArgParserTestSuite.FlagTest" end time: Nov 30 01:09 RTZ 2 (����)
"ArgParserTestSuite.FlagTest" time elapsed: 00:00:00
----------------------------------------------------------

12/15 Testing: ArgParserTestSuite.FlagsTest
12/15 Test: ArgParserTestSuite.FlagsTest
Command: "C:/itmo/CLionProjects/labwork4-zxcbank — копия/cmake-build-debug/tests/argparser_tests.exe" "--gtest_filter=ArgParserTestSuite.FlagsTest" "--gtest_also_run_disabled_tests"
Directory: C:/itmo/CLionProjects/labwork4-zxcbank — копия/cmake-build-debug/tests
"ArgParserTestSuite.FlagsTest" start time: Nov 30 01:09 RTZ 2 (����)
Output:
----------------------------------------------------------
Running main() from C:/itmo/CLionProjects/labwork4-zxcbank — копия/cmake-build-debug/_deps/googletest-src/googletest/src/gtest_main.cc
Note: Google Test filter = ArgParserTestSuite.FlagsTest
[==========] Running 1 test from 1 test suite.
[----------] Global test environment set-up.
[----------] 1 test from ArgParserTestSuite
[ RUN      ] ArgParserTestSuite.FlagsTest
[       OK ] ArgParserTestSuite.FlagsTest (0 ms)
[----------] 1 test from ArgParserTestSuite (0 ms total)

[----------] Global test environment tear-down
[==========] 1 test from 1 test suite ran. (0 ms total)
[  PASSED  ] 1 test.
<end of output>
Test time =   0.01 sec
----------------------------------------------------------
Test Passed.
"ArgParserTestSuite.FlagsTest" end time: Nov 30 01:09 RTZ 2 (����)
"ArgParserTestSuite.FlagsTest" time elapsed: 00:00:00
----------------------------------------------------------

13/15 Testing: ArgParserTestSuite.PositionalArgTest
13/15 Test: ArgParserTestSuite.PositionalArgTest
Command: "C:/itmo/CLionProjects/labwork4-zxcbank — копия/cmake-build-debug/tests/argparser_tests.exe" "--gtest_filter=ArgParserTestSuite.PositionalArgTest" "--gtest_also_run_disabled_tests"
Directory: C:/itmo/CLionProjects/labwork4-zxcbank — копия/cmake-build-debug/tests
"ArgParserTestSuite.PositionalArgTest" start time: Nov 30 01:09 RTZ 2 (����)
Output:
----------------------------------------------------------
Running main() from C:/itmo/CLionProjects/labwork4-zxcbank — копия/cmake-build-debug/_deps/googletest-src/googletest/src/gtest_main.cc
Note: Google Test filter = ArgParserTestSuite.PositionalArgTest
[==========] Running 1 test from 1 test suite.
[----------] Global test environment set-up.
[----------] 1 test from ArgParserTestSuite
[ RUN      ] ArgParserTestSuite.PositionalArgTest
[       OK ] ArgParserTestSuite.PositionalArgTest (0 ms)
[----------] 1 test from ArgParserTestSuite (0 ms total)

[----------] Global test environment tear-down
[==========] 1 test from 1 test suite ran. (0 ms total)
[  PASSED  ] 1 test.
<end of output>
Test time =   0.01 sec
----------------------------------------------------------
Test Passed.
"ArgParserTestSuite.PositionalArgTest" end time: Nov 30 01:09 RTZ 2 (����)
"ArgParserTestSuite.PositionalArgTest" time elapsed: 00:00:00
----------------------------------------------------------

14/15 Testing: ArgParserTestSuite.HelpTest
14/15 Test: ArgParserTestSuite.HelpTest
Command: "C:/itmo/CLionProjects/labwork4-zxcbank — копия/cmake-build-debug/tests/argparser_tests.exe" "--gtest_filter=ArgParserTestSuite.HelpTest" "--gtest_also_run_disabled_tests"
Directory: C:/itmo/CLionProjects/labwork4-zxcbank — копия/cmake-build-debug/tests
"ArgParserTestSuite.HelpTest" start time: Nov 30 01:09 RTZ 2 (����)
Output:
----------------------------------------------------------
Running main() from C:/itmo/CLionProjects/labwork4-zxcbank — копия/cmake-build-debug/_deps/googletest-src/googletest/src/gtest_main.cc
Note: Google Test filter = ArgParserTestSuite.HelpTest
[==========] Running 1 test from 1 test suite.
[----------] Global test environment set-up.
[----------] 1 test from ArgParserTestSuite
[ RUN      ] ArgParserTestSuite.HelpTest
[       OK ] ArgParserTestSuite.HelpTest (0 ms)
[----------] 1 test from ArgParserTestSuite (0 ms total)

[----------] Global test environment tear-down
[==========] 1 test from 1 test suite ran. (0 ms total)
[  PASSED  ] 1 test.
<end of output>
Test time =   0.00 sec
----------------------------------------------------------
Test Passed.
"ArgParserTestSuite.HelpTest" end time: Nov 30 01:09 RTZ 2 (����)
"ArgParserTestSuite.HelpTest" time elapsed: 00:00:00
----------------------------------------------------------

15/15 Testing: ArgParserTestSuite.HelpStringTest
15/15 Test: ArgParserTestSuite.HelpStringTest
Command: "C:/itmo/CLionProjects/labwork4-zxcbank — копия/cmake-build-debug/tests/argparser_tests.exe" "--gtest_filter=ArgParserTestSuite.HelpStringTest" "--gtest_also_run_disabled_tests"
Directory: C:/itmo/CLionProjects/labwork4-zxcbank — копия/cmake-build-debug/tests
"ArgParserTestSuite.HelpStringTest" start time: Nov 30 01:09 RTZ 2 (����)
Output:
----------------------------------------------------------
Running main() from C:/itmo/CLionProjects/labwork4-zxcbank — копия/cmake-build-debug/_deps/googletest-src/googletest/src/gtest_main.cc
Note: Google Test filter = ArgParserTestSuite.HelpStringTest
[==========] Running 1 test from 1 test suite.
[----------] Global test environment set-up.
[----------] 1 test from ArgParserTestSuite
[ RUN      ] ArgParserTestSuite.HelpStringTest
[       OK ] ArgParserTestSuite.HelpStringTest (0 ms)
[----------] 1 test from ArgParserTestSuite (0 ms total)

[----------] Global test environment tear-down
[==========] 1 test from 1 test suite ran. (0 ms total)
[  PASSED  ] 1 test.
<end of output>
Test time =   0.00 sec
----------------------------------------------------------
Test Passed.
"ArgParserTestSuite.HelpStringTest" end time: Nov 30 01:09 RTZ 2 (����)
"ArgParserTestSuite.HelpStringTest" time elapsed: 00:00:00
----------------------------------------------------------

End testing: Nov 30 01:09 RTZ 2 (����)
